#
# A fatal error has been detected by the Java Runtime Environment:
#
#  SIGSEGV (0xb) at pc=0x000000010ff15595, pid=22963, tid=0x0000000000004b03
#
# JRE version: Java(TM) SE Runtime Environment (8.0_131-b11) (build 1.8.0_131-b11)
# Java VM: Java HotSpot(TM) 64-Bit Server VM (25.131-b11 mixed mode bsd-amd64 compressed oops)
# Problematic frame:
# V  [libjvm.dylib+0x315595]
#
# Failed to write core dump. Core dumps have been disabled. To enable core dumping, try "ulimit -c unlimited" before starting Java again
#
# If you would like to submit a bug report, please visit:
#   http://bugreport.java.com/bugreport/crash.jsp
#

---------------  T H R E A D  ---------------

Current thread (0x00007f919203a800):  JavaThread "JDWP Transport Listener: dt_socket" daemon [_thread_in_vm, id=19203, stack(0x0000700008f93000,0x0000700009093000)]

siginfo: si_signo: 11 (SIGSEGV), si_code: 1 (SEGV_MAPERR), si_addr: 0x0000000000000098

Registers:
RAX=0x00000007c00016d0, RBX=0x00007f9193807e90, RCX=0x00000001104e7f03, RDX=0x0000000000000090
RSP=0x0000700009092a20, RBP=0x0000700009092a40, RSI=0x000000011043eaf0, RDI=0x000000076ab008d8
R8 =0x0000000000000000, R9 =0x00007f9191f1baf0, R10=0x0000000000000001, R11=0x0000000000000001
R12=0x00007f9191e074b8, R13=0x0000000110bfcfe4, R14=0x00007f9191e074b8, R15=0x00007f919203a9f8
RIP=0x000000010ff15595, EFLAGS=0x0000000000010202, ERR=0x0000000000000004
  TRAPNO=0x000000000000000e

Top of Stack: (sp=0x0000700009092a20)
0x0000700009092a20:   00007f919203a800 00007f9191e074b8
0x0000700009092a30:   00007f919203a9f8 0000000000000000
0x0000700009092a40:   0000700009092a60 0000000110bfa03a
0x0000700009092a50:   0000700009092b08 00007f919203a9f8
0x0000700009092a60:   0000700009092ad0 0000000110bfcc12
0x0000700009092a70:   0000700009092aa0 0000000100be229f
0x0000700009092a80:   0000700009092c90 0000000009092b08
0x0000700009092a90:   00007f9191f11158 0000000110c0b598
0x0000700009092aa0:   00007f9191f1c330 0000700009092c90
0x0000700009092ab0:   0000000110bffdf0 00007f9191f1af50
0x0000700009092ac0:   0000700009092b08 0000000110c0b598
0x0000700009092ad0:   0000700009092ae0 0000000110bdc947
0x0000700009092ae0:   0000700009092d00 0000000110be6780
0x0000700009092af0:   00019f890000001f 0000000000020900
0x0000700009092b00:   00007f9191f1b480 0000700009092b5c
0x0000700009092b10:   00007f9100000128 0000700009092b20
0x0000700009092b20:   00007f9100000004 0000700009092b58
0x0000700009092b30:   0000000000000000 0000000000000000
0x0000700009092b40:   00019f8900000015 00007f9100006b80
0x0000700009092b50:   0000700009092b58 6168616801000000
0x0000700009092b60:   0500000032006168 00000065756c6176
0x0000700009092b70:   0000000000435b02 0000000000120000
0x0000700009092b80:   6804000000420000 4901000000687361
0x0000700009092b90:   0200000000000000 20078193917f0000
0x0000700009092ba0:   6972657310000000 6f69737265566c61
0x0000700009092bb0:   010000004449556e 000000000000004a
0x0000700009092bc0:   078193917f00001a 7265731600000000
0x0000700009092bd0:   69737265506c6169 656946746e657473
0x0000700009092be0:   5b1c00000073646c 6f692f6176616a4c
0x0000700009092bf0:   537463656a624f2f 6569466d61657274
0x0000700009092c00:   00000000003b646c 93917f00001a0000
0x0000700009092c10:   4316000000000281 45534e495f455341 

Instructions: (pc=0x000000010ff15595)
0x000000010ff15575:   c0 75 04 30 c0 eb 35 48 8d 0d 01 2a 5d 00 80 39
0x000000010ff15585:   00 49 8b 16 74 15 48 8d 35 5e 95 52 00 8a 4e 08
0x000000010ff15595:   8b 7a 08 48 d3 e7 48 03 3e eb 04 48 8b 7a 08 48
0x000000010ff155a5:   89 c6 e8 84 c6 13 00 84 c0 0f 95 c0 0f b6 d8 48 

Register to memory mapping:

RAX=0x00000007c00016d0 is pointing into metadata
RBX=0x00007f9193807e90 is a global jni handle
RCX=0x00000001104e7f03: _ZN10GCNotifier13first_requestE+0x3 in /Library/Java/JavaVirtualMachines/jdk1.8.0_131.jdk/Contents/Home/jre/lib/server/libjvm.dylib at 0x000000010fc00000
RDX=0x0000000000000090 is an unknown value
RSP=0x0000700009092a20 is pointing into the stack for thread: 0x00007f919203a800
RBP=0x0000700009092a40 is pointing into the stack for thread: 0x00007f919203a800
RSI=0x000000011043eaf0: _ZN8Universe13_narrow_klassE+0 in /Library/Java/JavaVirtualMachines/jdk1.8.0_131.jdk/Contents/Home/jre/lib/server/libjvm.dylib at 0x000000010fc00000
RDI=0x000000076ab008d8 is an oop
java.lang.Class 
 - klass: 'java/lang/Class'
R8 =0x0000000000000000 is an unknown value
R9 =0x00007f9191f1baf0 is an unknown value
R10=0x0000000000000001 is an unknown value
R11=0x0000000000000001 is an unknown value
R12=0x00007f9191e074b8 is an unknown value
R13=0x0000000110bfcfe4: sharedGetFieldValues+0x579 in /Library/Java/JavaVirtualMachines/jdk1.8.0_131.jdk/Contents/Home/jre/lib/libjdwp.dylib at 0x0000000110bd8000
R14=0x00007f9191e074b8 is an unknown value
R15=0x00007f919203a9f8 is an unknown value


Stack: [0x0000700008f93000,0x0000700009093000],  sp=0x0000700009092a20,  free space=1022k
Native frames: (J=compiled Java code, j=interpreted, Vv=VM code, C=native code)
V  [libjvm.dylib+0x315595]
C  [libjdwp.dylib+0x2203a]  specificTypeKey+0x73
C  [libjdwp.dylib+0x24c12]  sharedGetFieldValues+0x1a7
C  [libjdwp.dylib+0x4947]  getValues+0xb
C  [libjdwp.dylib+0xe780]  debugLoop_run+0x1ce
C  [libjdwp.dylib+0x1f606]  attachThread+0x4d
V  [libjvm.dylib+0x39af18]
V  [libjvm.dylib+0x56b87f]
V  [libjvm.dylib+0x56cf6c]
V  [libjvm.dylib+0x48b376]
C  [libsystem_pthread.dylib+0x393b]  _pthread_body+0xb4
C  [libsystem_pthread.dylib+0x3887]  _pthread_body+0x0
C  [libsystem_pthread.dylib+0x308d]  thread_start+0xd
C  0x0000000000000000


---------------  P R O C E S S  ---------------

Java Threads: ( => current thread )
  0x00007f9195810800 JavaThread "Service Thread" daemon [_thread_blocked, id=22787, stack(0x00007000096a8000,0x00007000097a8000)]
  0x00007f919280c000 JavaThread "C1 CompilerThread3" daemon [_thread_blocked, id=22275, stack(0x00007000095a5000,0x00007000096a5000)]
  0x00007f919280b800 JavaThread "C2 CompilerThread2" daemon [_thread_blocked, id=21763, stack(0x00007000094a2000,0x00007000095a2000)]
  0x00007f919280a000 JavaThread "C2 CompilerThread1" daemon [_thread_blocked, id=21251, stack(0x000070000939f000,0x000070000949f000)]
  0x00007f919481a000 JavaThread "C2 CompilerThread0" daemon [_thread_blocked, id=20739, stack(0x000070000929c000,0x000070000939c000)]
  0x00007f9193008800 JavaThread "JDWP Command Reader" daemon [_thread_in_native, id=20227, stack(0x0000700009199000,0x0000700009299000)]
  0x00007f919203b800 JavaThread "JDWP Event Helper Thread" daemon [_thread_blocked, id=19715, stack(0x0000700009096000,0x0000700009196000)]
=>0x00007f919203a800 JavaThread "JDWP Transport Listener: dt_socket" daemon [_thread_in_vm, id=19203, stack(0x0000700008f93000,0x0000700009093000)]
  0x00007f9196010000 JavaThread "Signal Dispatcher" daemon [_thread_blocked, id=18691, stack(0x0000700008e90000,0x0000700008f90000)]
  0x00007f919400a800 JavaThread "Finalizer" daemon [_thread_blocked, id=14595, stack(0x0000700008d8d000,0x0000700008e8d000)]
  0x00007f9192817800 JavaThread "Reference Handler" daemon [_thread_blocked, id=14083, stack(0x0000700008c8a000,0x0000700008d8a000)]
  0x00007f9194805000 JavaThread "main" [_thread_blocked, id=7171, stack(0x000070000826c000,0x000070000836c000)]

Other Threads:
  0x00007f9193001800 VMThread [stack: 0x0000700008b87000,0x0000700008c87000] [id=13571]
  0x00007f919280d000 WatcherThread [stack: 0x00007000097ab000,0x00007000098ab000] [id=23299]

VM state:not at safepoint (normal execution)

VM Mutex/Monitor currently owned by a thread: None

Heap:
 PSYoungGen      total 76288K, used 3932K [0x000000076ab00000, 0x0000000770000000, 0x00000007c0000000)
  eden space 65536K, 6% used [0x000000076ab00000,0x000000076aed70e0,0x000000076eb00000)
  from space 10752K, 0% used [0x000000076f580000,0x000000076f580000,0x0000000770000000)
  to   space 10752K, 0% used [0x000000076eb00000,0x000000076eb00000,0x000000076f580000)
 ParOldGen       total 175104K, used 0K [0x00000006c0000000, 0x00000006cab00000, 0x000000076ab00000)
  object space 175104K, 0% used [0x00000006c0000000,0x00000006c0000000,0x00000006cab00000)
 Metaspace       used 2738K, capacity 4490K, committed 4864K, reserved 1056768K
  class space    used 295K, capacity 386K, committed 512K, reserved 1048576K

Card table byte_map: [0x0000000110fe3000,0x00000001117e4000] byte_map_base: 0x000000010d9e3000

Marking Bits: (ParMarkBitMap*) 0x00000001104f1ea0
 Begin Bits: [0x0000000111d3a000, 0x0000000115d3a000)
 End Bits:   [0x0000000115d3a000, 0x0000000119d3a000)

Polling page: 0x000000010ebe0000

CodeCache: size=245760Kb used=1133Kb max_used=1133Kb free=244626Kb
 bounds [0x0000000119e18000, 0x000000011a088000, 0x0000000128e18000]
 total_blobs=271 nmethods=48 adapters=145
 compilation: enabled

Compilation events (10 events):
Event: 0.138 Thread 0x00007f919280c000   44       3       java.nio.charset.CharsetEncoder::maxBytesPerChar (5 bytes)
Event: 0.138 Thread 0x00007f919280c000 nmethod 44 0x0000000119f31710 code [0x0000000119f31860, 0x0000000119f319b0]
Event: 0.146 Thread 0x00007f919280c000   45       3       java.lang.String::<init> (82 bytes)
Event: 0.146 Thread 0x00007f919280c000 nmethod 45 0x0000000119f32190 code [0x0000000119f32380, 0x0000000119f328b8]
Event: 0.146 Thread 0x00007f919280c000   46       3       java.lang.String::startsWith (7 bytes)
Event: 0.146 Thread 0x00007f919280c000 nmethod 46 0x0000000119f32bd0 code [0x0000000119f32d40, 0x0000000119f32f68]
Event: 0.146 Thread 0x00007f919280c000   47       3       java.lang.AbstractStringBuilder::newCapacity (39 bytes)
Event: 0.146 Thread 0x00007f919280c000 nmethod 47 0x0000000119f33010 code [0x0000000119f331a0, 0x0000000119f335a8]
Event: 0.327 Thread 0x00007f919280c000   48       3       java.lang.AbstractStringBuilder::<init> (12 bytes)
Event: 0.327 Thread 0x00007f919280c000 nmethod 48 0x0000000119f33750 code [0x0000000119f338c0, 0x0000000119f33b10]

GC Heap History (0 events):
No events

Deoptimization events (0 events):
No events

Internal exceptions (2 events):
Event: 0.034 Thread 0x00007f9194805000 Exception <a 'java/lang/NoSuchMethodError': Method sun.misc.Unsafe.defineClass(Ljava/lang/String;[BII)Ljava/lang/Class; name or signature does not match> (0x000000076ab07ca8) thrown at [/Users/java_re/workspace/8-2-build-macosx-x86_64/jdk8u131/8869/hotspo
Event: 0.034 Thread 0x00007f9194805000 Exception <a 'java/lang/NoSuchMethodError': Method sun.misc.Unsafe.prefetchRead(Ljava/lang/Object;J)V name or signature does not match> (0x000000076ab07f90) thrown at [/Users/java_re/workspace/8-2-build-macosx-x86_64/jdk8u131/8869/hotspot/src/share/vm/pri

Events (10 events):
Event: 5.998 Executing VM operation: GetOrSetLocal
Event: 5.998 Executing VM operation: GetOrSetLocal done
Event: 5.998 Executing VM operation: GetOrSetLocal
Event: 5.998 Executing VM operation: GetOrSetLocal done
Event: 5.998 Executing VM operation: GetOrSetLocal
Event: 5.998 Executing VM operation: GetOrSetLocal done
Event: 5.999 Executing VM operation: ForceSafepoint
Event: 5.999 Executing VM operation: ForceSafepoint done
Event: 51.558 Executing VM operation: ForceSafepoint
Event: 51.558 Executing VM operation: ForceSafepoint done


Dynamic libraries:
0x000000005402a000 	/System/Library/Frameworks/Cocoa.framework/Versions/A/Cocoa
0x000000005402a000 	/System/Library/Frameworks/Security.framework/Versions/A/Security
0x000000005402a000 	/System/Library/Frameworks/ApplicationServices.framework/Versions/A/ApplicationServices
0x000000005402a000 	/usr/lib/libz.1.dylib
0x000000005402a000 	/usr/lib/libSystem.B.dylib
0x000000005402a000 	/usr/lib/libobjc.A.dylib
0x000000005402a000 	/System/Library/Frameworks/CoreFoundation.framework/Versions/A/CoreFoundation
0x000000005402a000 	/System/Library/Frameworks/Foundation.framework/Versions/C/Foundation
0x000000005402a000 	/System/Library/Frameworks/AppKit.framework/Versions/C/AppKit
0x000000005402a000 	/System/Library/Frameworks/CoreData.framework/Versions/A/CoreData
0x000000005402a000 	/System/Library/PrivateFrameworks/RemoteViewServices.framework/Versions/A/RemoteViewServices
0x000000005402a000 	/System/Library/PrivateFrameworks/UIFoundation.framework/Versions/A/UIFoundation
0x000000005402a000 	/System/Library/PrivateFrameworks/DFRFoundation.framework/Versions/A/DFRFoundation
0x000000005402a000 	/usr/lib/libenergytrace.dylib
0x000000005402a000 	/System/Library/PrivateFrameworks/SkyLight.framework/Versions/A/SkyLight
0x000000005402a000 	/System/Library/Frameworks/CoreGraphics.framework/Versions/A/CoreGraphics
0x000000005402a000 	/usr/lib/libScreenReader.dylib
0x000000005402a000 	/System/Library/Frameworks/Accelerate.framework/Versions/A/Accelerate
0x000000005402a000 	/System/Library/Frameworks/IOSurface.framework/Versions/A/IOSurface
0x000000005402a000 	/System/Library/Frameworks/AudioToolbox.framework/Versions/A/AudioToolbox
0x000000005402a000 	/System/Library/Frameworks/AudioUnit.framework/Versions/A/AudioUnit
0x000000005402a000 	/System/Library/PrivateFrameworks/DataDetectorsCore.framework/Versions/A/DataDetectorsCore
0x000000005402a000 	/System/Library/PrivateFrameworks/DesktopServicesPriv.framework/Versions/A/DesktopServicesPriv
0x000000005402a000 	/System/Library/Frameworks/Carbon.framework/Versions/A/Frameworks/HIToolbox.framework/Versions/A/HIToolbox
0x000000005402a000 	/usr/lib/libicucore.A.dylib
0x000000005402a000 	/System/Library/Frameworks/QuartzCore.framework/Versions/A/QuartzCore
0x000000005402a000 	/System/Library/Frameworks/Carbon.framework/Versions/A/Frameworks/SpeechRecognition.framework/Versions/A/SpeechRecognition
0x000000005402a000 	/usr/lib/libauto.dylib
0x000000005402a000 	/usr/lib/libxml2.2.dylib
0x000000005402a000 	/System/Library/PrivateFrameworks/CoreUI.framework/Versions/A/CoreUI
0x000000005402a000 	/System/Library/Frameworks/CoreAudio.framework/Versions/A/CoreAudio
0x000000005402a000 	/System/Library/Frameworks/DiskArbitration.framework/Versions/A/DiskArbitration
0x000000005402a000 	/usr/lib/liblangid.dylib
0x000000005402a000 	/System/Library/PrivateFrameworks/MultitouchSupport.framework/Versions/A/MultitouchSupport
0x000000005402a000 	/System/Library/Frameworks/IOKit.framework/Versions/A/IOKit
0x000000005402a000 	/usr/lib/libDiagnosticMessagesClient.dylib
0x000000005402a000 	/System/Library/Frameworks/CoreServices.framework/Versions/A/CoreServices
0x000000005402a000 	/System/Library/PrivateFrameworks/PerformanceAnalysis.framework/Versions/A/PerformanceAnalysis
0x000000005402a000 	/System/Library/PrivateFrameworks/GenerationalStorage.framework/Versions/A/GenerationalStorage
0x000000005402a000 	/System/Library/Frameworks/OpenGL.framework/Versions/A/OpenGL
0x000000005402a000 	/System/Library/Frameworks/CoreImage.framework/Versions/A/CoreImage
0x000000005402a000 	/System/Library/Frameworks/CoreText.framework/Versions/A/CoreText
0x000000005402a000 	/System/Library/Frameworks/ImageIO.framework/Versions/A/ImageIO
0x000000005402a000 	/System/Library/PrivateFrameworks/Backup.framework/Versions/A/Backup
0x000000005402a000 	/usr/lib/libarchive.2.dylib
0x000000005402a000 	/System/Library/Frameworks/CFNetwork.framework/Versions/A/CFNetwork
0x000000005402a000 	/System/Library/Frameworks/SystemConfiguration.framework/Versions/A/SystemConfiguration
0x000000005402a000 	/usr/lib/libCRFSuite.dylib
0x000000005402a000 	/usr/lib/libc++.1.dylib
0x000000005402a000 	/usr/lib/libc++abi.dylib
0x000000005402a000 	/usr/lib/system/libcache.dylib
0x000000005402a000 	/usr/lib/system/libcommonCrypto.dylib
0x000000005402a000 	/usr/lib/system/libcompiler_rt.dylib
0x000000005402a000 	/usr/lib/system/libcopyfile.dylib
0x000000005402a000 	/usr/lib/system/libcorecrypto.dylib
0x000000005402a000 	/usr/lib/system/libdispatch.dylib
0x000000005402a000 	/usr/lib/system/libdyld.dylib
0x000000005402a000 	/usr/lib/system/libkeymgr.dylib
0x000000005402a000 	/usr/lib/system/liblaunch.dylib
0x000000005402a000 	/usr/lib/system/libmacho.dylib
0x000000005402a000 	/usr/lib/system/libquarantine.dylib
0x000000005402a000 	/usr/lib/system/libremovefile.dylib
0x000000005402a000 	/usr/lib/system/libsystem_asl.dylib
0x000000005402a000 	/usr/lib/system/libsystem_blocks.dylib
0x000000005402a000 	/usr/lib/system/libsystem_c.dylib
0x000000005402a000 	/usr/lib/system/libsystem_configuration.dylib
0x000000005402a000 	/usr/lib/system/libsystem_coreservices.dylib
0x000000005402a000 	/usr/lib/system/libsystem_coretls.dylib
0x000000005402a000 	/usr/lib/system/libsystem_dnssd.dylib
0x000000005402a000 	/usr/lib/system/libsystem_info.dylib
0x000000005402a000 	/usr/lib/system/libsystem_kernel.dylib
0x000000005402a000 	/usr/lib/system/libsystem_m.dylib
0x000000005402a000 	/usr/lib/system/libsystem_malloc.dylib
0x000000005402a000 	/usr/lib/system/libsystem_network.dylib
0x000000005402a000 	/usr/lib/system/libsystem_networkextension.dylib
0x000000005402a000 	/usr/lib/system/libsystem_notify.dylib
0x000000005402a000 	/usr/lib/system/libsystem_platform.dylib
0x000000005402a000 	/usr/lib/system/libsystem_pthread.dylib
0x000000005402a000 	/usr/lib/system/libsystem_sandbox.dylib
0x000000005402a000 	/usr/lib/system/libsystem_secinit.dylib
0x000000005402a000 	/usr/lib/system/libsystem_symptoms.dylib
0x000000005402a000 	/usr/lib/system/libsystem_trace.dylib
0x000000005402a000 	/usr/lib/system/libunwind.dylib
0x000000005402a000 	/usr/lib/system/libxpc.dylib
0x000000005402a000 	/usr/lib/libbsm.0.dylib
0x000000005402a000 	/usr/lib/system/libkxld.dylib
0x000000005402a000 	/usr/lib/libcoretls.dylib
0x000000005402a000 	/usr/lib/libcoretls_cfhelpers.dylib
0x000000005402a000 	/usr/lib/libOpenScriptingUtil.dylib
0x000000005402a000 	/usr/lib/libpam.2.dylib
0x000000005402a000 	/usr/lib/libsqlite3.dylib
0x000000005402a000 	/usr/lib/libxar.1.dylib
0x000000005402a000 	/usr/lib/libbz2.1.0.dylib
0x000000005402a000 	/usr/lib/liblzma.5.dylib
0x000000005402a000 	/usr/lib/libnetwork.dylib
0x000000005402a000 	/usr/lib/libpcap.A.dylib
0x000000005402a000 	/System/Library/Frameworks/CoreServices.framework/Versions/A/Frameworks/FSEvents.framework/Versions/A/FSEvents
0x000000005402a000 	/System/Library/Frameworks/CoreServices.framework/Versions/A/Frameworks/CarbonCore.framework/Versions/A/CarbonCore
0x000000005402a000 	/System/Library/Frameworks/CoreServices.framework/Versions/A/Frameworks/Metadata.framework/Versions/A/Metadata
0x000000005402a000 	/System/Library/Frameworks/CoreServices.framework/Versions/A/Frameworks/OSServices.framework/Versions/A/OSServices
0x000000005402a000 	/System/Library/Frameworks/CoreServices.framework/Versions/A/Frameworks/SearchKit.framework/Versions/A/SearchKit
0x000000005402a000 	/System/Library/Frameworks/CoreServices.framework/Versions/A/Frameworks/AE.framework/Versions/A/AE
0x000000005402a000 	/System/Library/Frameworks/CoreServices.framework/Versions/A/Frameworks/LaunchServices.framework/Versions/A/LaunchServices
0x000000005402a000 	/System/Library/Frameworks/CoreServices.framework/Versions/A/Frameworks/DictionaryServices.framework/Versions/A/DictionaryServices
0x000000005402a000 	/System/Library/Frameworks/CoreServices.framework/Versions/A/Frameworks/SharedFileList.framework/Versions/A/SharedFileList
0x000000005402a000 	/System/Library/Frameworks/NetFS.framework/Versions/A/NetFS
0x000000005402a000 	/System/Library/PrivateFrameworks/NetAuth.framework/Versions/A/NetAuth
0x000000005402a000 	/System/Library/PrivateFrameworks/login.framework/Versions/A/Frameworks/loginsupport.framework/Versions/A/loginsupport
0x000000005402a000 	/System/Library/PrivateFrameworks/TCC.framework/Versions/A/TCC
0x000000005402a000 	/usr/lib/libmecabra.dylib
0x000000005402a000 	/System/Library/Frameworks/ApplicationServices.framework/Versions/A/Frameworks/ATS.framework/Versions/A/ATS
0x000000005402a000 	/System/Library/Frameworks/ApplicationServices.framework/Versions/A/Frameworks/ColorSync.framework/Versions/A/ColorSync
0x000000005402a000 	/System/Library/Frameworks/ApplicationServices.framework/Versions/A/Frameworks/HIServices.framework/Versions/A/HIServices
0x000000005402a000 	/System/Library/Frameworks/ApplicationServices.framework/Versions/A/Frameworks/LangAnalysis.framework/Versions/A/LangAnalysis
0x000000005402a000 	/System/Library/Frameworks/ApplicationServices.framework/Versions/A/Frameworks/PrintCore.framework/Versions/A/PrintCore
0x000000005402a000 	/System/Library/Frameworks/ApplicationServices.framework/Versions/A/Frameworks/QD.framework/Versions/A/QD
0x000000005402a000 	/System/Library/Frameworks/ApplicationServices.framework/Versions/A/Frameworks/SpeechSynthesis.framework/Versions/A/SpeechSynthesis
0x000000005402a000 	/System/Library/Frameworks/Accelerate.framework/Versions/A/Frameworks/vImage.framework/Versions/A/vImage
0x000000005402a000 	/System/Library/Frameworks/Accelerate.framework/Versions/A/Frameworks/vecLib.framework/Versions/A/vecLib
0x000000005402a000 	/System/Library/Frameworks/Accelerate.framework/Versions/A/Frameworks/vecLib.framework/Versions/A/libvDSP.dylib
0x000000005402a000 	/System/Library/Frameworks/Accelerate.framework/Versions/A/Frameworks/vecLib.framework/Versions/A/libBNNS.dylib
0x000000005402a000 	/System/Library/Frameworks/Accelerate.framework/Versions/A/Frameworks/vecLib.framework/Versions/A/libQuadrature.dylib
0x000000005402a000 	/System/Library/Frameworks/Accelerate.framework/Versions/A/Frameworks/vecLib.framework/Versions/A/libvMisc.dylib
0x000000005402a000 	/System/Library/Frameworks/Accelerate.framework/Versions/A/Frameworks/vecLib.framework/Versions/A/libLAPACK.dylib
0x000000005402a000 	/System/Library/Frameworks/Accelerate.framework/Versions/A/Frameworks/vecLib.framework/Versions/A/libBLAS.dylib
0x000000005402a000 	/System/Library/Frameworks/Accelerate.framework/Versions/A/Frameworks/vecLib.framework/Versions/A/libLinearAlgebra.dylib
0x000000005402a000 	/System/Library/Frameworks/Accelerate.framework/Versions/A/Frameworks/vecLib.framework/Versions/A/libSparseBLAS.dylib
0x000000005402a000 	/System/Library/Frameworks/ApplicationServices.framework/Versions/A/Frameworks/ATS.framework/Versions/A/Resources/libFontParser.dylib
0x000000005402a000 	/System/Library/Frameworks/ApplicationServices.framework/Versions/A/Frameworks/ATS.framework/Versions/A/Resources/libFontRegistry.dylib
0x000000005402a000 	/System/Library/Frameworks/ImageIO.framework/Versions/A/Resources/libJPEG.dylib
0x000000005402a000 	/System/Library/Frameworks/ImageIO.framework/Versions/A/Resources/libTIFF.dylib
0x000000005402a000 	/System/Library/Frameworks/ImageIO.framework/Versions/A/Resources/libPng.dylib
0x000000005402a000 	/System/Library/Frameworks/ImageIO.framework/Versions/A/Resources/libGIF.dylib
0x000000005402a000 	/System/Library/Frameworks/ImageIO.framework/Versions/A/Resources/libJP2.dylib
0x000000005402a000 	/System/Library/Frameworks/ImageIO.framework/Versions/A/Resources/libRadiance.dylib
0x000000005402a000 	/usr/lib/libcompression.dylib
0x000000005402a000 	/System/Library/PrivateFrameworks/AppleJPEG.framework/Versions/A/AppleJPEG
0x000000005402a000 	/usr/lib/libcups.2.dylib
0x000000005402a000 	/System/Library/Frameworks/Kerberos.framework/Versions/A/Kerberos
0x000000005402a000 	/System/Library/Frameworks/GSS.framework/Versions/A/GSS
0x000000005402a000 	/usr/lib/libresolv.9.dylib
0x000000005402a000 	/usr/lib/libiconv.2.dylib
0x000000005402a000 	/System/Library/PrivateFrameworks/Heimdal.framework/Versions/A/Heimdal
0x000000005402a000 	/usr/lib/libheimdal-asn1.dylib
0x000000005402a000 	/System/Library/Frameworks/OpenDirectory.framework/Versions/A/OpenDirectory
0x000000005402a000 	/System/Library/PrivateFrameworks/CommonAuth.framework/Versions/A/CommonAuth
0x000000005402a000 	/System/Library/Frameworks/OpenDirectory.framework/Versions/A/Frameworks/CFOpenDirectory.framework/Versions/A/CFOpenDirectory
0x000000005402a000 	/System/Library/Frameworks/SecurityFoundation.framework/Versions/A/SecurityFoundation
0x000000005402a000 	/System/Library/PrivateFrameworks/LanguageModeling.framework/Versions/A/LanguageModeling
0x000000005402a000 	/usr/lib/libmarisa.dylib
0x000000005402a000 	/usr/lib/libChineseTokenizer.dylib
0x000000005402a000 	/usr/lib/libcmph.dylib
0x000000005402a000 	/System/Library/PrivateFrameworks/CoreEmoji.framework/Versions/A/CoreEmoji
0x000000005402a000 	/System/Library/Frameworks/ServiceManagement.framework/Versions/A/ServiceManagement
0x000000005402a000 	/usr/lib/libxslt.1.dylib
0x000000005402a000 	/System/Library/Frameworks/Carbon.framework/Versions/A/Frameworks/Ink.framework/Versions/A/Ink
0x000000005402a000 	/System/Library/PrivateFrameworks/TextureIO.framework/Versions/A/TextureIO
0x000000005402a000 	/System/Library/Frameworks/Metal.framework/Versions/A/Metal
0x000000005402a000 	/usr/lib/libate.dylib
0x000000005402a000 	/System/Library/PrivateFrameworks/GPUCompiler.framework/libmetal_timestamp.dylib
0x000000005402a000 	/System/Library/Frameworks/OpenGL.framework/Versions/A/Libraries/libCoreFSCache.dylib
0x000000005402a000 	/System/Library/PrivateFrameworks/IOAccelerator.framework/Versions/A/IOAccelerator
0x000000005402a000 	/System/Library/Frameworks/CoreVideo.framework/Versions/A/CoreVideo
0x000000005402a000 	/usr/lib/libFosl_dynamic.dylib
0x000000005402a000 	/System/Library/PrivateFrameworks/MetalPerformanceShaders.framework/Versions/A/MetalPerformanceShaders
0x000000005402a000 	/System/Library/PrivateFrameworks/FaceCore.framework/Versions/A/FaceCore
0x000000005402a000 	/System/Library/Frameworks/OpenCL.framework/Versions/A/OpenCL
0x000000005402a000 	/System/Library/Frameworks/OpenGL.framework/Versions/A/Libraries/libGLU.dylib
0x000000005402a000 	/System/Library/Frameworks/OpenGL.framework/Versions/A/Libraries/libGFXShared.dylib
0x000000005402a000 	/System/Library/Frameworks/OpenGL.framework/Versions/A/Libraries/libGL.dylib
0x000000005402a000 	/System/Library/Frameworks/OpenGL.framework/Versions/A/Libraries/libGLImage.dylib
0x000000005402a000 	/System/Library/Frameworks/OpenGL.framework/Versions/A/Libraries/libCVMSPluginSupport.dylib
0x000000005402a000 	/System/Library/Frameworks/OpenGL.framework/Versions/A/Libraries/libCoreVMClient.dylib
0x000000005402a000 	/System/Library/PrivateFrameworks/CrashReporterSupport.framework/Versions/A/CrashReporterSupport
0x000000005402a000 	/System/Library/PrivateFrameworks/Sharing.framework/Versions/A/Sharing
0x000000005402a000 	/System/Library/PrivateFrameworks/IconServices.framework/Versions/A/IconServices
0x000000005402a000 	/System/Library/PrivateFrameworks/ProtocolBuffer.framework/Versions/A/ProtocolBuffer
0x000000005402a000 	/System/Library/PrivateFrameworks/Apple80211.framework/Versions/A/Apple80211
0x000000005402a000 	/System/Library/Frameworks/CoreWLAN.framework/Versions/A/CoreWLAN
0x000000005402a000 	/System/Library/PrivateFrameworks/CoreUtils.framework/Versions/A/CoreUtils
0x000000005402a000 	/System/Library/Frameworks/IOBluetooth.framework/Versions/A/IOBluetooth
0x000000005402a000 	/System/Library/PrivateFrameworks/CoreWiFi.framework/Versions/A/CoreWiFi
0x000000005402a000 	/System/Library/Frameworks/CoreBluetooth.framework/Versions/A/CoreBluetooth
0x000000005402a000 	/System/Library/Frameworks/CoreDisplay.framework/Versions/A/CoreDisplay
0x000000005402a000 	/System/Library/PrivateFrameworks/IOPresentment.framework/Versions/A/IOPresentment
0x000000005402a000 	/System/Library/PrivateFrameworks/DSExternalDisplay.framework/Versions/A/DSExternalDisplay
0x000000005402a000 	/System/Library/PrivateFrameworks/DebugSymbols.framework/Versions/A/DebugSymbols
0x000000005402a000 	/System/Library/PrivateFrameworks/CoreSymbolication.framework/Versions/A/CoreSymbolication
0x000000005402a000 	/System/Library/PrivateFrameworks/Symbolication.framework/Versions/A/Symbolication
0x000000005402a000 	/System/Library/PrivateFrameworks/AppleFSCompression.framework/Versions/A/AppleFSCompression
0x000000005402a000 	/System/Library/PrivateFrameworks/SpeechRecognitionCore.framework/Versions/A/SpeechRecognitionCore
0x000000005402a000 	/System/Library/PrivateFrameworks/ChunkingLibrary.framework/Versions/A/ChunkingLibrary
0x000000010eb8e000 	/System/Library/CoreServices/Encodings/libSimplifiedChineseConverter.dylib
0x000000010fc00000 	/Library/Java/JavaVirtualMachines/jdk1.8.0_131.jdk/Contents/Home/jre/lib/server/libjvm.dylib
0x000000005402a000 	/usr/lib/libstdc++.6.dylib
0x000000010ebd2000 	/Library/Java/JavaVirtualMachines/jdk1.8.0_131.jdk/Contents/Home/jre/lib/libverify.dylib
0x0000000110ba3000 	/Library/Java/JavaVirtualMachines/jdk1.8.0_131.jdk/Contents/Home/jre/lib/libjava.dylib
0x0000000110bd8000 	/Library/Java/JavaVirtualMachines/jdk1.8.0_131.jdk/Contents/Home/jre/lib/libjdwp.dylib
0x000000010ebe1000 	/Library/Java/JavaVirtualMachines/jdk1.8.0_131.jdk/Contents/Home/jre/lib/libnpt.dylib
0x000000010ebee000 	/Library/Java/JavaVirtualMachines/jdk1.8.0_131.jdk/Contents/Home/jre/lib/libzip.dylib
0x000000012bd67000 	/System/Library/Frameworks/JavaVM.framework/Frameworks/JavaRuntimeSupport.framework/JavaRuntimeSupport
0x000000012bd81000 	/System/Library/Frameworks/JavaVM.framework/Versions/A/Frameworks/JavaNativeFoundation.framework/Versions/A/JavaNativeFoundation
0x000000012bd96000 	/System/Library/Frameworks/JavaVM.framework/Versions/A/JavaVM
0x000000005402a000 	/System/Library/Frameworks/Carbon.framework/Versions/A/Carbon
0x000000012bda3000 	/System/Library/PrivateFrameworks/JavaLaunching.framework/Versions/A/JavaLaunching
0x000000005402a000 	/System/Library/Frameworks/Carbon.framework/Versions/A/Frameworks/CommonPanels.framework/Versions/A/CommonPanels
0x000000005402a000 	/System/Library/Frameworks/Carbon.framework/Versions/A/Frameworks/Help.framework/Versions/A/Help
0x000000005402a000 	/System/Library/Frameworks/Carbon.framework/Versions/A/Frameworks/ImageCapture.framework/Versions/A/ImageCapture
0x000000005402a000 	/System/Library/Frameworks/Carbon.framework/Versions/A/Frameworks/OpenScripting.framework/Versions/A/OpenScripting
0x000000005402a000 	/System/Library/Frameworks/Carbon.framework/Versions/A/Frameworks/Print.framework/Versions/A/Print
0x000000005402a000 	/System/Library/Frameworks/Carbon.framework/Versions/A/Frameworks/SecurityHI.framework/Versions/A/SecurityHI
0x000000012d6a8000 	/Library/Java/JavaVirtualMachines/jdk1.8.0_131.jdk/Contents/Home/jre/lib/libdt_socket.dylib

VM Arguments:
jvm_args: -agentlib:jdwp=transport=dt_socket,address=127.0.0.1:53172,suspend=y,server=n -Dfile.encoding=UTF-8 
java_command: cn.ecomb.concurrent.Unsafe_Demo1
java_class_path (initial): /Library/Java/JavaVirtualMachines/jdk1.8.0_131.jdk/Contents/Home/jre/lib/charsets.jar:/Library/Java/JavaVirtualMachines/jdk1.8.0_131.jdk/Contents/Home/jre/lib/deploy.jar:/Library/Java/JavaVirtualMachines/jdk1.8.0_131.jdk/Contents/Home/jre/lib/ext/cldrdata.jar:/Library/Java/JavaVirtualMachines/jdk1.8.0_131.jdk/Contents/Home/jre/lib/ext/dnsns.jar:/Library/Java/JavaVirtualMachines/jdk1.8.0_131.jdk/Contents/Home/jre/lib/ext/jaccess.jar:/Library/Java/JavaVirtualMachines/jdk1.8.0_131.jdk/Contents/Home/jre/lib/ext/jfxrt.jar:/Library/Java/JavaVirtualMachines/jdk1.8.0_131.jdk/Contents/Home/jre/lib/ext/localedata.jar:/Library/Java/JavaVirtualMachines/jdk1.8.0_131.jdk/Contents/Home/jre/lib/ext/nashorn.jar:/Library/Java/JavaVirtualMachines/jdk1.8.0_131.jdk/Contents/Home/jre/lib/ext/sunec.jar:/Library/Java/JavaVirtualMachines/jdk1.8.0_131.jdk/Contents/Home/jre/lib/ext/sunjce_provider.jar:/Library/Java/JavaVirtualMachines/jdk1.8.0_131.jdk/Contents/Home/jre/lib/ext/sunpkcs11.jar:/Library/Java/JavaVirtualMachines/jdk1.8.0_131.jdk/Contents/Home/jre/lib/ext/zipfs.jar:/Library/Java/JavaVirtualMachines/jdk1.8.0_131.jdk/Contents/Home/jre/lib/javaws.jar:/Library/Java/JavaVirtualMachines/jdk1.8.0_131.jdk/Contents/Home/jre/lib/jce.jar:/Library/Java/JavaVirtualMachines/jdk1.8.0_131.jdk/Contents/Home/jre/lib/jfr.jar:/Library/Java/JavaVirtualMachines/jdk1.8.0_131.jdk/Contents/Home/jre/lib/jfxswt.jar:/Library/Java/JavaVirtualMachines/jdk1.8.0_131.jdk/Contents/Home/jre/lib/jsse.jar:/Library/Java/JavaVirtualMachines/jdk1.8.0_131.jdk/Contents/Home/jre/lib/management-agent.jar:/Library/Java/JavaVirtualMachines/jdk1.8.0_131.jdk/Contents/Home/jre/lib/plugin.jar:/Library/Java/JavaVirtualMachines/jdk1.8.0_131.jdk/Contents/Home/jre/lib/resources.jar:/Library/Java/JavaVirtualMachines/jdk1.8.0_131.jdk/Contents/Home/jre/lib/rt.jar:/Library/Java/JavaVirtualMachines/jdk1.8.0_131.jdk/Contents/Home/lib/ant-javafx.jar:/Library/Java/JavaVirtualMachines/jdk1.8.0_131.jdk/Contents/Home
Launcher Type: SUN_STANDARD

Environment Variables:
PATH=/Library/Frameworks/Python.framework/Versions/3.6/bin:/usr/local/bin:/usr/bin:/bin:/usr/sbin:/sbin
SHELL=/bin/zsh

Signal Handlers:
SIGSEGV: [libjvm.dylib+0x5b1eb1], sa_mask[0]=11111111011111110111111111111111, sa_flags=SA_ONSTACK|SA_RESTART|SA_SIGINFO
SIGBUS: [libjvm.dylib+0x5b1eb1], sa_mask[0]=11111111011111110111111111111111, sa_flags=SA_RESTART|SA_SIGINFO
SIGFPE: [libjvm.dylib+0x488988], sa_mask[0]=11111111011111110111111111111111, sa_flags=SA_RESTART|SA_SIGINFO
SIGPIPE: [libjvm.dylib+0x488988], sa_mask[0]=11111111011111110111111111111111, sa_flags=SA_RESTART|SA_SIGINFO
SIGXFSZ: [libjvm.dylib+0x488988], sa_mask[0]=11111111011111110111111111111111, sa_flags=SA_RESTART|SA_SIGINFO
SIGILL: [libjvm.dylib+0x488988], sa_mask[0]=11111111011111110111111111111111, sa_flags=SA_RESTART|SA_SIGINFO
SIGUSR1: SIG_DFL, sa_mask[0]=00000000000000000000000000000000, sa_flags=none
SIGUSR2: [libjvm.dylib+0x4884a6], sa_mask[0]=00100000000000000000000000000000, sa_flags=SA_RESTART|SA_SIGINFO
SIGHUP: [libjvm.dylib+0x486a7d], sa_mask[0]=11111111011111110111111111111111, sa_flags=SA_RESTART|SA_SIGINFO
SIGINT: [libjvm.dylib+0x486a7d], sa_mask[0]=11111111011111110111111111111111, sa_flags=SA_RESTART|SA_SIGINFO
SIGTERM: [libjvm.dylib+0x486a7d], sa_mask[0]=11111111011111110111111111111111, sa_flags=SA_RESTART|SA_SIGINFO
SIGQUIT: [libjvm.dylib+0x486a7d], sa_mask[0]=11111111011111110111111111111111, sa_flags=SA_RESTART|SA_SIGINFO


---------------  S Y S T E M  ---------------

OS:Bsduname:Darwin 16.7.0 Darwin Kernel Version 16.7.0: Thu Jun 15 17:36:27 PDT 2017; root:xnu-3789.70.16~2/RELEASE_X86_64 x86_64
rlimit: STACK 8192k, CORE 0k, NPROC 709, NOFILE 10240, AS infinity
load average:3.34 3.18 3.00

CPU:total 8 (initial active 8) (4 cores per cpu, 2 threads per core) family 6 model 70 stepping 1, cmov, cx8, fxsr, mmx, sse, sse2, sse3, ssse3, sse4.1, sse4.2, popcnt, avx, avx2, aes, clmul, erms, lzcnt, ht, tsc, tscinvbit, bmi1, bmi2

Memory: 4k page, physical 16777216k(483652k free)

/proc/meminfo:


vm_info: Java HotSpot(TM) 64-Bit Server VM (25.131-b11) for bsd-amd64 JRE (1.8.0_131-b11), built on Mar 15 2017 01:32:22 by "java_re" with gcc 4.2.1 (Based on Apple Inc. build 5658) (LLVM build 2336.11.00)

time: Mon Dec 25 15:47:07 2017
elapsed time: 51 seconds (0d 0h 0m 51s)

